<?xml version="1.0" encoding="UTF-8" standalone="no"?>
<testsuite errors="0" failures="1" name="io.cucumber.core.plugin.JUnitFormatter" skipped="0" tests="1" time="8.127">
    <testcase classname="LOGIN" name="Verify User is able to open into Metlife Portal" time="7.039">
        <failure message="" type="java.lang.RuntimeException"><![CDATA[Given "User" is able to open successfully Homepage for testcase "<TcNo>"....passed
Then User is on "Access" Page for testCase "<TcNo>".........................failed

StackTrace:
java.lang.RuntimeException
	at com.genaidemo.demo.step.MyStepdefs.userIsOnPageForTestCase(MyStepdefs.java:56)
	at ✽.User is on "Access" Page for testCase "<TcNo>"(classpath:features/LoginPotal.feature:14)
]]></failure>
    </testcase>
</testsuite>
